[2025-12-16 07:36:35.944695] ==== Cycle Started ====
[2025-12-16 07:36:51.325855] ---- Quarto Output Start ----
[2025-12-16 07:36:51.326667] 

processing file: index.qmd
1/17                  
2/17 [unnamed-chunk-1]
3/17                  
4/17 [unnamed-chunk-2]
5/17                  
6/17 [unnamed-chunk-3]
7/17                  
8/17 [unnamed-chunk-4]
9/17                  
10/17 [unnamed-chunk-5]
11/17                  
12/17 [unnamed-chunk-6]
13/17                  
14/17 [unnamed-chunk-7]
15/17                  
16/17 [unnamed-chunk-8]
17/17                  
output file: index.knit.md

<pool> Checked-out object deleted before being returned.
<pool> Make sure to `poolReturn()` all objects retrieved with `poolCheckout().`
Warning message:
call dbDisconnect() when finished working with a connection 
pandoc 
  to: html
  output-file: index.html
  template: >-
    C:\Users\HP\AppData\Local\Programs\Quarto\share\formats\dashboard\template.html
  standalone: true
  section-divs: true
  html-math-method: mathjax
  wrap: none
  default-image-extension: png
  css:
    - auth/auth.css
  variables: {}
  
metadata
  document-css: false
  link-citations: true
  date-format: long
  lang: en
  page-layout: custom
  title: Zukti Dashboard
  scrolling: true
  theme:
    light: flatly
    dark: darkly
  
Output created: index.html

[2025-12-16 07:36:51.327784] ---- Quarto Output End ----
[2025-12-16 07:36:51.32872] ✅ Quarto render SUCCESS
[2025-12-16 07:36:55.167113] 🚀 Git push completed
[2025-12-16 07:36:55.167841] Sleeping for 2 minutes

[2025-12-16 07:38:57.79125] ==== Cycle Started ====
[2025-12-16 07:39:30.911912] ---- Quarto Output Start ----
[2025-12-16 07:39:30.917313] 

processing file: index.qmd
1/17                  
2/17 [unnamed-chunk-1]
3/17                  
4/17 [unnamed-chunk-2]
5/17                  
6/17 [unnamed-chunk-3]
7/17                  
8/17 [unnamed-chunk-4]
9/17                  
10/17 [unnamed-chunk-5]
11/17                  
12/17 [unnamed-chunk-6]
13/17                  
14/17 [unnamed-chunk-7]
15/17                  
16/17 [unnamed-chunk-8]
17/17                  
output file: index.knit.md

<pool> Checked-out object deleted before being returned.
<pool> Make sure to `poolReturn()` all objects retrieved with `poolCheckout().`
Warning message:
call dbDisconnect() when finished working with a connection 
pandoc 
  to: html
  output-file: index.html
  template: >-
    C:\Users\HP\AppData\Local\Programs\Quarto\share\formats\dashboard\template.html
  standalone: true
  section-divs: true
  html-math-method: mathjax
  wrap: none
  default-image-extension: png
  css:
    - auth/auth.css
  variables: {}
  
metadata
  document-css: false
  link-citations: true
  date-format: long
  lang: en
  page-layout: custom
  title: Zukti Dashboard
  scrolling: true
  theme:
    light: flatly
    dark: darkly
  
Output created: index.html

[2025-12-16 07:39:30.923812] ---- Quarto Output End ----
[2025-12-16 07:39:30.926193] ✅ Quarto render SUCCESS
[2025-12-16 07:39:35.193698] 🚀 Git push completed
[2025-12-16 07:39:35.194998] Sleeping for 2 minutes

[2025-12-16 07:41:38.000202] ==== Cycle Started ====
[2025-12-16 07:41:56.353109] ---- Quarto Output Start ----
[2025-12-16 07:41:56.355726] 

processing file: index.qmd
1/17                  
2/17 [unnamed-chunk-1]
3/17                  
4/17 [unnamed-chunk-2]
5/17                  
6/17 [unnamed-chunk-3]
7/17                  
8/17 [unnamed-chunk-4]
9/17                  
10/17 [unnamed-chunk-5]
11/17                  
12/17 [unnamed-chunk-6]
13/17                  
14/17 [unnamed-chunk-7]
15/17                  
16/17 [unnamed-chunk-8]
17/17                  
output file: index.knit.md

<pool> Checked-out object deleted before being returned.
<pool> Make sure to `poolReturn()` all objects retrieved with `poolCheckout().`
Warning message:
call dbDisconnect() when finished working with a connection 
pandoc 
  to: html
  output-file: index.html
  template: >-
    C:\Users\HP\AppData\Local\Programs\Quarto\share\formats\dashboard\template.html
  standalone: true
  section-divs: true
  html-math-method: mathjax
  wrap: none
  default-image-extension: png
  css:
    - auth/auth.css
  variables: {}
  
metadata
  document-css: false
  link-citations: true
  date-format: long
  lang: en
  page-layout: custom
  title: Zukti Dashboard
  scrolling: true
  theme:
    light: flatly
    dark: darkly
  
Output created: index.html

[2025-12-16 07:41:56.357977] ---- Quarto Output End ----
[2025-12-16 07:41:56.360056] ✅ Quarto render SUCCESS
[2025-12-16 07:41:59.603276] 🚀 Git push completed
[2025-12-16 07:41:59.606899] Sleeping for 2 minutes

[2025-12-16 07:44:02.202038] ==== Cycle Started ====
[2025-12-16 07:44:20.466836] ---- Quarto Output Start ----
[2025-12-16 07:44:20.47038] 

processing file: index.qmd
1/17                  
2/17 [unnamed-chunk-1]
3/17                  
4/17 [unnamed-chunk-2]
5/17                  
6/17 [unnamed-chunk-3]
7/17                  
8/17 [unnamed-chunk-4]
9/17                  
10/17 [unnamed-chunk-5]
11/17                  
12/17 [unnamed-chunk-6]
13/17                  
14/17 [unnamed-chunk-7]
15/17                  
16/17 [unnamed-chunk-8]
17/17                  
output file: index.knit.md

<pool> Checked-out object deleted before being returned.
<pool> Make sure to `poolReturn()` all objects retrieved with `poolCheckout().`
Warning message:
call dbDisconnect() when finished working with a connection 
pandoc 
  to: html
  output-file: index.html
  template: >-
    C:\Users\HP\AppData\Local\Programs\Quarto\share\formats\dashboard\template.html
  standalone: true
  section-divs: true
  html-math-method: mathjax
  wrap: none
  default-image-extension: png
  css:
    - auth/auth.css
  variables: {}
  
metadata
  document-css: false
  link-citations: true
  date-format: long
  lang: en
  page-layout: custom
  title: Zukti Dashboard
  scrolling: true
  theme:
    light: flatly
    dark: darkly
  
Output created: index.html

[2025-12-16 07:44:20.472305] ---- Quarto Output End ----
[2025-12-16 07:44:20.475255] ✅ Quarto render SUCCESS
[2025-12-16 07:44:24.485669] 🚀 Git push completed
[2025-12-16 07:44:24.488229] Sleeping for 2 minutes

[2025-12-16 07:46:26.85052] ==== Cycle Started ====
[2025-12-16 07:46:47.793208] ---- Quarto Output Start ----
[2025-12-16 07:46:47.794725] 

processing file: index.qmd
1/17                  
2/17 [unnamed-chunk-1]
3/17                  
4/17 [unnamed-chunk-2]
5/17                  
6/17 [unnamed-chunk-3]
7/17                  
8/17 [unnamed-chunk-4]
9/17                  
10/17 [unnamed-chunk-5]
11/17                  
12/17 [unnamed-chunk-6]
13/17                  
14/17 [unnamed-chunk-7]
15/17                  
16/17 [unnamed-chunk-8]
17/17                  
output file: index.knit.md

<pool> Checked-out object deleted before being returned.
<pool> Make sure to `poolReturn()` all objects retrieved with `poolCheckout().`
Warning message:
call dbDisconnect() when finished working with a connection 
pandoc 
  to: html
  output-file: index.html
  template: >-
    C:\Users\HP\AppData\Local\Programs\Quarto\share\formats\dashboard\template.html
  standalone: true
  section-divs: true
  html-math-method: mathjax
  wrap: none
  default-image-extension: png
  css:
    - auth/auth.css
  variables: {}
  
metadata
  document-css: false
  link-citations: true
  date-format: long
  lang: en
  page-layout: custom
  title: Zukti Dashboard
  scrolling: true
  theme:
    light: flatly
    dark: darkly
  
Output created: index.html

[2025-12-16 07:46:47.795907] ---- Quarto Output End ----
[2025-12-16 07:46:47.797439] ✅ Quarto render SUCCESS
[2025-12-16 07:46:52.339639] 🚀 Git push completed
[2025-12-16 07:46:52.341417] Sleeping for 2 minutes

[2025-12-16 07:48:55.005697] ==== Cycle Started ====
[2025-12-16 07:49:12.196615] ---- Quarto Output Start ----
[2025-12-16 07:49:12.199375] 

processing file: index.qmd
1/17                  
2/17 [unnamed-chunk-1]
3/17                  
4/17 [unnamed-chunk-2]
5/17                  
6/17 [unnamed-chunk-3]
7/17                  
8/17 [unnamed-chunk-4]
9/17                  
10/17 [unnamed-chunk-5]
11/17                  
12/17 [unnamed-chunk-6]
13/17                  
14/17 [unnamed-chunk-7]
15/17                  
16/17 [unnamed-chunk-8]
17/17                  
output file: index.knit.md

<pool> Checked-out object deleted before being returned.
<pool> Make sure to `poolReturn()` all objects retrieved with `poolCheckout().`
Warning message:
call dbDisconnect() when finished working with a connection 
pandoc 
  to: html
  output-file: index.html
  template: >-
    C:\Users\HP\AppData\Local\Programs\Quarto\share\formats\dashboard\template.html
  standalone: true
  section-divs: true
  html-math-method: mathjax
  wrap: none
  default-image-extension: png
  css:
    - auth/auth.css
  variables: {}
  
metadata
  document-css: false
  link-citations: true
  date-format: long
  lang: en
  page-layout: custom
  title: Zukti Dashboard
  scrolling: true
  theme:
    light: flatly
    dark: darkly
  
Output created: index.html

[2025-12-16 07:49:12.201729] ---- Quarto Output End ----
[2025-12-16 07:49:12.206514] ✅ Quarto render SUCCESS
